#
# There is insufficient memory for the Java Runtime Environment to continue.
# Native memory allocation (malloc) failed to allocate 48368 bytes for Chunk::new
# Possible reasons:
#   The system is out of physical RAM or swap space
#   In 32 bit mode, the process size limit was hit
# Possible solutions:
#   Reduce memory load on the system
#   Increase physical memory or swap space
#   Check if swap backing store is full
#   Use 64 bit Java on a 64 bit OS
#   Decrease Java heap size (-Xmx/-Xms)
#   Decrease number of Java threads
#   Decrease Java thread stack sizes (-Xss)
#   Set larger code cache with -XX:ReservedCodeCacheSize=
# This output file may be truncated or incomplete.
#
#  Out of Memory Error (allocation.cpp:390), pid=4700, tid=5596
#
# JRE version: Java(TM) SE Runtime Environment (8.0_25-b18) (build 1.8.0_25-b18)
# Java VM: Java HotSpot(TM) 64-Bit Server VM (25.25-b02 mixed mode windows-amd64 compressed oops)
# Failed to write core dump. Minidumps are not enabled by default on client versions of Windows
#

---------------  T H R E A D  ---------------

Current thread (0x0000000001ebd800):  JavaThread "main" [_thread_in_native, id=5596, stack(0x0000000001ee0000,0x0000000001fe0000)]

Stack: [0x0000000001ee0000,0x0000000001fe0000]
Native frames: (J=compiled Java code, j=interpreted, Vv=VM code, C=native code)
V  [jvm.dll+0x31667a]

Java frames: (J=compiled Java code, j=interpreted, Vv=VM code)
j  javax.swing.UIManager.setLookAndFeel(Ljava/lang/String;)V+9
j  javax.swing.UIManager.initializeDefaultLAF(Ljava/util/Properties;)V+55
j  javax.swing.UIManager.initialize()V+9
j  javax.swing.UIManager.maybeInitialize()V+22
j  javax.swing.UIManager.getUI(Ljavax/swing/JComponent;)Ljavax/swing/plaf/ComponentUI;+0
j  javax.swing.JPanel.updateUI()V+2
j  javax.swing.JPanel.<init>(Ljava/awt/LayoutManager;Z)V+24
j  javax.swing.JPanel.<init>(Z)V+9
j  javax.swing.JPanel.<init>()V+2
j  javax.swing.JRootPane.createGlassPane()Ljava/awt/Component;+4
j  javax.swing.JRootPane.<init>()V+11
j  javax.swing.JFrame.createRootPane()Ljavax/swing/JRootPane;+4
j  javax.swing.JFrame.frameInit()V+16
j  javax.swing.JFrame.<init>(Ljava/lang/String;)V+21
j  Inscription.Interface.<init>()V+11
j  com.polytech.di4.HelloAnt.App.main([Ljava/lang/String;)V+12
v  ~StubRoutines::call_stub

---------------  P R O C E S S  ---------------

Java Threads: ( => current thread )
  0x0000000015db9800 JavaThread "AWT-Windows" daemon [_thread_in_native, id=3268, stack(0x00000000160e0000,0x00000000161e0000)]
  0x0000000015d9c800 JavaThread "AWT-Shutdown" [_thread_blocked, id=4224, stack(0x0000000016410000,0x0000000016510000)]
  0x0000000015d9b800 JavaThread "Java2D Disposer" daemon [_thread_blocked, id=4020, stack(0x0000000016210000,0x0000000016310000)]
  0x00000000145b3800 JavaThread "Service Thread" daemon [_thread_blocked, id=5712, stack(0x00000000154f0000,0x00000000155f0000)]
  0x00000000145b2000 JavaThread "C1 CompilerThread1" daemon [_thread_blocked, id=5764, stack(0x00000000159f0000,0x0000000015af0000)]
  0x0000000014569800 JavaThread "C2 CompilerThread0" daemon [_thread_blocked, id=2252, stack(0x0000000015860000,0x0000000015960000)]
  0x0000000014568000 JavaThread "Attach Listener" daemon [_thread_blocked, id=5424, stack(0x0000000015670000,0x0000000015770000)]
  0x0000000014567000 JavaThread "Signal Dispatcher" daemon [_thread_blocked, id=4232, stack(0x00000000153b0000,0x00000000154b0000)]
  0x0000000014501000 JavaThread "Finalizer" daemon [_thread_blocked, id=5016, stack(0x0000000015260000,0x0000000015360000)]
  0x0000000014500000 JavaThread "Reference Handler" daemon [_thread_blocked, id=484, stack(0x00000000150e0000,0x00000000151e0000)]
=>0x0000000001ebd800 JavaThread "main" [_thread_in_native, id=5596, stack(0x0000000001ee0000,0x0000000001fe0000)]

Other Threads:
  0x00000000144fa000 VMThread [stack: 0x0000000014fb0000,0x00000000150b0000] [id=548]
  0x00000000145b6800 WatcherThread [stack: 0x0000000015b60000,0x0000000015c60000] [id=5168]

VM state:not at safepoint (normal execution)

VM Mutex/Monitor currently owned by a thread: None

Heap:
 PSYoungGen      total 18432K, used 2540K [0x00000000ebd00000, 0x00000000ed180000, 0x0000000100000000)
  eden space 15872K, 16% used [0x00000000ebd00000,0x00000000ebf7b1a8,0x00000000ecc80000)
  from space 2560K, 0% used [0x00000000ecf00000,0x00000000ecf00000,0x00000000ed180000)
  to   space 2560K, 0% used [0x00000000ecc80000,0x00000000ecc80000,0x00000000ecf00000)
 ParOldGen       total 42496K, used 0K [0x00000000c3600000, 0x00000000c5f80000, 0x00000000ebd00000)
  object space 42496K, 0% used [0x00000000c3600000,0x00000000c3600000,0x00000000c5f80000)
 Metaspace       used 5609K, capacity 5698K, committed 5888K, reserved 1056768K
  class space    used 654K, capacity 694K, committed 768K, reserved 1048576K

Card table byte_map: [0x0000000001cc0000,0x0000000001eb0000] byte_map_base: 0x00000000016a5000

Marking Bits: (ParMarkBitMap*) 0x00000000532cd490
 Begin Bits: [0x0000000011d80000, 0x0000000012ca8000)
 End Bits:   [0x0000000012ca8000, 0x0000000013bd0000)

Polling page: 0x00000000001c0000

CodeCache: size=245760Kb used=1367Kb max_used=1367Kb free=244392Kb
 bounds [0x00000000023f0000, 0x0000000002660000, 0x00000000113f0000]
 total_blobs=501 nmethods=167 adapters=249
 compilation: enabled

Compilation events (10 events):
Event: 0.692 Thread 0x00000000145b2000  163       3       java.util.AbstractCollection::<init> (5 bytes)
Event: 0.692 Thread 0x00000000145b2000 nmethod 163 0x0000000002544690 code [0x00000000025447e0, 0x0000000002544990]
Event: 0.692 Thread 0x00000000145b2000  164       3       java.util.HashMap$HashIterator::nextNode (100 bytes)
Event: 0.693 Thread 0x00000000145b2000 nmethod 164 0x0000000002544a50 code [0x0000000002544c00, 0x0000000002545098]
Event: 0.693 Thread 0x00000000145b2000  165       3       sun.util.logging.PlatformLogger$Level::intValue (9 bytes)
Event: 0.694 Thread 0x00000000145b2000 nmethod 165 0x0000000002545290 code [0x0000000002545400, 0x0000000002545610]
Event: 0.694 Thread 0x00000000145b2000  166       3       java.util.HashMap::get (23 bytes)
Event: 0.695 Thread 0x00000000145b2000 nmethod 166 0x00000000025456d0 code [0x0000000002545860, 0x0000000002545c58]
Event: 0.695 Thread 0x00000000145b2000  167       1       java.util.concurrent.atomic.AtomicInteger::get (5 bytes)
Event: 0.695 Thread 0x00000000145b2000 nmethod 167 0x0000000002545dd0 code [0x0000000002545f20, 0x0000000002546030]

GC Heap History (0 events):
No events

Deoptimization events (0 events):
No events

Internal exceptions (10 events):
Event: 0.378 Thread 0x0000000001ebd800 Exception <a 'java/security/PrivilegedActionException'> (0x00000000ebd7e960) thrown at [D:\re\workspace\8-2-build-windows-amd64-cygwin\jdk8u25\1677\hotspot\src\share\vm\prims\jvm.cpp, line 1312]
Event: 0.378 Thread 0x0000000001ebd800 Exception <a 'java/security/PrivilegedActionException'> (0x00000000ebd7eb18) thrown at [D:\re\workspace\8-2-build-windows-amd64-cygwin\jdk8u25\1677\hotspot\src\share\vm\prims\jvm.cpp, line 1312]
Event: 0.381 Thread 0x0000000001ebd800 Exception <a 'java/security/PrivilegedActionException'> (0x00000000ebd82610) thrown at [D:\re\workspace\8-2-build-windows-amd64-cygwin\jdk8u25\1677\hotspot\src\share\vm\prims\jvm.cpp, line 1312]
Event: 0.381 Thread 0x0000000001ebd800 Exception <a 'java/security/PrivilegedActionException'> (0x00000000ebd827c8) thrown at [D:\re\workspace\8-2-build-windows-amd64-cygwin\jdk8u25\1677\hotspot\src\share\vm\prims\jvm.cpp, line 1312]
Event: 0.396 Thread 0x0000000001ebd800 Exception <a 'java/io/FileNotFoundException'> (0x00000000ebd85638) thrown at [D:\re\workspace\8-2-build-windows-amd64-cygwin\jdk8u25\1677\hotspot\src\share\vm\prims\jni.cpp, line 716]
Event: 0.459 Thread 0x0000000001ebd800 Exception <a 'java/io/FileNotFoundException'> (0x00000000ebdf4510) thrown at [D:\re\workspace\8-2-build-windows-amd64-cygwin\jdk8u25\1677\hotspot\src\share\vm\prims\jni.cpp, line 716]
Event: 0.499 Thread 0x0000000001ebd800 Exception <a 'java/lang/ClassNotFoundException': java/lang/Null> (0x00000000ebe10548) thrown at [D:\re\workspace\8-2-build-windows-amd64-cygwin\jdk8u25\1677\hotspot\src\share\vm\classfile\systemDictionary.cpp, line 202]
Event: 0.556 Thread 0x0000000001ebd800 Exception <a 'java/lang/NoSuchFieldError': method resolution failed> (0x00000000ebe73e90) thrown at [D:\re\workspace\8-2-build-windows-amd64-cygwin\jdk8u25\1677\hotspot\src\share\vm\prims\methodHandles.cpp, line 1159]
Event: 0.562 Thread 0x0000000001ebd800 Exception <a 'java/lang/NoSuchFieldError': method resolution failed> (0x00000000ebe82d78) thrown at [D:\re\workspace\8-2-build-windows-amd64-cygwin\jdk8u25\1677\hotspot\src\share\vm\prims\methodHandles.cpp, line 1159]
Event: 0.565 Thread 0x0000000001ebd800 Exception <a 'java/lang/NoSuchFieldError': method resolution failed> (0x00000000ebe861f8) thrown at [D:\re\workspace\8-2-build-windows-amd64-cygwin\jdk8u25\1677\hotspot\src\share\vm\prims\methodHandles.cpp, line 1159]

Events (10 events):
Event: 0.699 loading class javax/swing/UIManager$LAFState
Event: 0.699 loading class javax/swing/UIManager$LAFState done
Event: 0.700 loading class javax/swing/UIDefaults
Event: 0.700 loading class javax/swing/UIDefaults done
Event: 0.700 loading class javax/swing/MultiUIDefaults
Event: 0.700 loading class javax/swing/MultiUIDefaults done
Event: 0.700 loading class javax/swing/UIManager$1
Event: 0.701 loading class javax/swing/UIManager$1 done
Event: 0.701 loading class javax/swing/plaf/metal/MetalLookAndFeel
Event: 0.702 loading class javax/swing/plaf/basic/BasicLookAndFeel


Dynamic libraries:
0x000000013f7d0000 - 0x000000013f804000 	C:\Program Files\Java\jre1.8.0_25\bin\javaw.exe
0x0000000076d80000 - 0x0000000076f29000 	C:\Windows\SYSTEM32\ntdll.dll
0x0000000076c60000 - 0x0000000076d7f000 	C:\Windows\system32\kernel32.dll
0x000007fefce70000 - 0x000007fefcedc000 	C:\Windows\system32\KERNELBASE.dll
0x000007fefcfd0000 - 0x000007fefd0ab000 	C:\Windows\system32\ADVAPI32.dll
0x000007fefd0b0000 - 0x000007fefd14f000 	C:\Windows\system32\msvcrt.dll
0x000007fefd180000 - 0x000007fefd19f000 	C:\Windows\SYSTEM32\sechost.dll
0x000007fefeaa0000 - 0x000007fefebcd000 	C:\Windows\system32\RPCRT4.dll
0x0000000076b60000 - 0x0000000076c5a000 	C:\Windows\system32\USER32.dll
0x000007fefede0000 - 0x000007fefee47000 	C:\Windows\system32\GDI32.dll
0x000007fefee50000 - 0x000007fefee5e000 	C:\Windows\system32\LPK.dll
0x000007fefcf00000 - 0x000007fefcfc9000 	C:\Windows\system32\USP10.dll
0x000007fefb130000 - 0x000007fefb324000 	C:\Windows\WinSxS\amd64_microsoft.windows.common-controls_6595b64144ccf1df_6.0.7601.17514_none_fa396087175ac9ac\COMCTL32.dll
0x000007fefe330000 - 0x000007fefe3a1000 	C:\Windows\system32\SHLWAPI.dll
0x000007fefd150000 - 0x000007fefd17e000 	C:\Windows\system32\IMM32.DLL
0x000007fefe3b0000 - 0x000007fefe4b9000 	C:\Windows\system32\MSCTF.dll
0x0000000058f60000 - 0x0000000059032000 	C:\Program Files\Java\jre1.8.0_25\bin\msvcr100.dll
0x0000000052af0000 - 0x000000005334a000 	C:\Program Files\Java\jre1.8.0_25\bin\server\jvm.dll
0x000007fef19e0000 - 0x000007fef19e9000 	C:\Windows\system32\WSOCK32.dll
0x000007fefe4c0000 - 0x000007fefe50d000 	C:\Windows\system32\WS2_32.dll
0x000007fefe7c0000 - 0x000007fefe7c8000 	C:\Windows\system32\NSI.dll
0x000007fef84a0000 - 0x000007fef84db000 	C:\Windows\system32\WINMM.dll
0x0000000076f40000 - 0x0000000076f47000 	C:\Windows\system32\PSAPI.DLL
0x0000000062b20000 - 0x0000000062b2f000 	C:\Program Files\Java\jre1.8.0_25\bin\verify.dll
0x000000005ae90000 - 0x000000005aeb8000 	C:\Program Files\Java\jre1.8.0_25\bin\java.dll
0x000000005b710000 - 0x000000005b726000 	C:\Program Files\Java\jre1.8.0_25\bin\zip.dll
0x000007fefd1a0000 - 0x000007fefdf29000 	C:\Windows\system32\SHELL32.dll
0x000007fefebd0000 - 0x000007fefedd3000 	C:\Windows\system32\ole32.dll
0x000007fefcb50000 - 0x000007fefcb5f000 	C:\Windows\system32\profapi.dll
0x0000000058ce0000 - 0x0000000058e78000 	C:\Program Files\Java\jre1.8.0_25\bin\awt.dll
0x000007fefdfd0000 - 0x000007fefe0a7000 	C:\Windows\system32\OLEAUT32.dll
0x000007fefab40000 - 0x000007fefab58000 	C:\Windows\system32\DWMAPI.DLL
0x000007fefb080000 - 0x000007fefb0d6000 	C:\Windows\system32\uxtheme.dll
0x000007fefc9a0000 - 0x000007fefc9af000 	C:\Windows\system32\CRYPTBASE.dll

VM Arguments:
jvm_args: -Dfile.encoding=UTF-8 
java_command: com.polytech.di4.HelloAnt.App
java_class_path (initial): D:\documents\GitHub\Pil\HelloAnt\target\classes;C:\Users\Benjamin\.m2\repository\org\json\json\20090211\json-20090211.jar
Launcher Type: SUN_STANDARD

Environment Variables:
PATH=C:/Program Files/Java/jre1.8.0_25/bin/server;C:/Program Files/Java/jre1.8.0_25/bin;C:/Program Files/Java/jre1.8.0_25/lib/amd64;C:\ProgramData\Oracle\Java\javapath;C:\MinGW\msys\1.0;C:\Program Files (x86)\MiKTeX 2.9\miktex\bin\;C:\Program Files (x86)\Windows Kits\8.1\Windows Performance Toolkit\;C:\Program Files\Microsoft SQL Server\110\Tools\Binn\;C:\Program Files (x86)\Atmel\Flip 3.4.7\bin;C:\Users\Benjamin\Desktop\eclipse;
USERNAME=Benjamin
OS=Windows_NT
PROCESSOR_IDENTIFIER=Intel64 Family 6 Model 42 Stepping 7, GenuineIntel



---------------  S Y S T E M  ---------------

OS: Windows 7 , 64 bit Build 7601 Service Pack 1

CPU:total 2 (2 cores per cpu, 1 threads per core) family 6 model 42 stepping 7, cmov, cx8, fxsr, mmx, sse, sse2, sse3, ssse3, sse4.1, sse4.2, popcnt, clmul, tsc, tscinvbit

Memory: 4k page, physical 3968552k(1023476k free), swap 3966696k(5116k free)

vm_info: Java HotSpot(TM) 64-Bit Server VM (25.25-b02) for windows-amd64 JRE (1.8.0_25-b18), built on Oct  7 2014 14:25:37 by "java_re" with MS VC++ 10.0 (VS2010)

time: Wed Mar 25 11:58:14 2015
elapsed time: 0 seconds (0d 0h 0m 0s)

